C51 COMPILER V9.60.0.0   DELAY                                                             06/25/2020 19:04:06 PAGE 1   


C51 COMPILER V9.60.0.0, COMPILATION OF MODULE DELAY
OBJECT MODULE PLACED IN delay.OBJ
COMPILER INVOKED BY: C:\Keil_v5\C51\BIN\C51.EXE delay.c OPTIMIZE(8,SPEED) BROWSE DEBUG OBJECTEXTEND TABS(2)

line level    source

   1          #include"types.h"
   2          #include"delay.h"
   3          
   4          void delay_ms(u16 d)
   5          {
   6   1      u16 a;
   7   1      for(;d>0;d--)
   8   1      for(a=125;a>0;a--);
   9   1      }
  10          
  11          void delay_us(u8 d)
  12          {
  13   1      for(;d>0;d--);
  14   1      }


MODULE INFORMATION:   STATIC OVERLAYABLE
   CODE SIZE        =     44    ----
   CONSTANT SIZE    =   ----    ----
   XDATA SIZE       =   ----    ----
   PDATA SIZE       =   ----    ----
   DATA SIZE        =   ----    ----
   IDATA SIZE       =   ----    ----
   BIT SIZE         =   ----    ----
END OF MODULE INFORMATION.


C51 COMPILATION COMPLETE.  0 WARNING(S),  0 ERROR(S)
