C51 COMPILER V9.60.0.0   I2C_EEPROM_MAIN                                                   06/25/2020 19:04:05 PAGE 1   


C51 COMPILER V9.60.0.0, COMPILATION OF MODULE I2C_EEPROM_MAIN
OBJECT MODULE PLACED IN I2C EEPROM MAIN.OBJ
COMPILER INVOKED BY: C:\Keil_v5\C51\BIN\C51.EXE I2C EEPROM MAIN.c OPTIMIZE(8,SPEED) BROWSE DEBUG OBJECTEXTEND TABS(2)

line level    source

   1          #include<reg51.h>
   2          #include "types.h"
   3          #include "delay.h"
   4          #include "i2c.h"
   5          sbit led = P2^2;
   6          main()
   7          {
   8   1       u8 i=0x68;
   9   1       u8 t;
  10   1       u8 name[7];
  11   1       led=0;
  12   1       i2cDevWrite(0xa0,i,'C');
  13   1       delay_ms(100);
  14   1        
  15   1        i2cDevPageWrite(0xa0,0x00,"pankaj dahilkar",15);
  16   1       t=i2cDevRead(0xa0,i);
  17   1        delay_ms(100);
  18   1        i2cDevPageRead(0xa0,0x00,name,7);
  19   1       if(t=='C')
  20   1       led=1;
  21   1       while(1);
  22   1      }


MODULE INFORMATION:   STATIC OVERLAYABLE
   CODE SIZE        =     78    ----
   CONSTANT SIZE    =     16    ----
   XDATA SIZE       =   ----    ----
   PDATA SIZE       =   ----    ----
   DATA SIZE        =   ----       9
   IDATA SIZE       =   ----    ----
   BIT SIZE         =   ----    ----
END OF MODULE INFORMATION.


C51 COMPILATION COMPLETE.  0 WARNING(S),  0 ERROR(S)
