C51 COMPILER V9.60.0.0   DELAY                                                             06/30/2020 19:58:45 PAGE 1   


C51 COMPILER V9.60.0.0, COMPILATION OF MODULE DELAY
OBJECT MODULE PLACED IN .\Objects\delay.obj
COMPILER INVOKED BY: C:\Keil_v5\C51\BIN\C51.EXE delay.c OPTIMIZE(8,SPEED) BROWSE DEBUG OBJECTEXTEND PRINT(.\Listings\del
                    -ay.lst) TABS(2) OBJECT(.\Objects\delay.obj)

line level    source

   1          #include "delay.h"
   2          #include "types.h"
   3          
   4          void delay_ms(u16 d_ms)
   5          {
   6   1        u8 j;
   7   1        for(;d_ms>0;d_ms--)
   8   1        for(j=125;j>0;j--);
   9   1      }
  10          
  11          void delay_us(u8 d_us)
  12          {
  13   1        for(;d_us>0;d_us--);
  14   1      }


MODULE INFORMATION:   STATIC OVERLAYABLE
   CODE SIZE        =     46    ----
   CONSTANT SIZE    =   ----    ----
   XDATA SIZE       =   ----    ----
   PDATA SIZE       =   ----    ----
   DATA SIZE        =   ----    ----
   IDATA SIZE       =   ----    ----
   BIT SIZE         =   ----    ----
END OF MODULE INFORMATION.


C51 COMPILATION COMPLETE.  0 WARNING(S),  0 ERROR(S)
