C51 COMPILER V9.60.0.0   I2C                                                               06/30/2020 19:58:45 PAGE 1   


C51 COMPILER V9.60.0.0, COMPILATION OF MODULE I2C
OBJECT MODULE PLACED IN .\Objects\I2C.obj
COMPILER INVOKED BY: C:\Keil_v5\C51\BIN\C51.EXE I2C.C OPTIMIZE(8,SPEED) BROWSE DEBUG OBJECTEXTEND PRINT(.\Listings\I2C.l
                    -st) TABS(2) OBJECT(.\Objects\I2C.obj)

line level    source

   1          #include <reg51.h>
   2          #include "delay.h"
   3          #include "types.h"
   4          #include "i2c.h"
   5          
   6          void i2cStart(void)
   7          {
   8   1        SDA = 1;
   9   1        SCL = 1;
  10   1        SDA = 0;
  11   1      }
  12          
  13          void i2cStop(void)
  14          {
  15   1        SCL = 0;
  16   1        SDA = 0;
  17   1        SCL = 1;
  18   1        SDA = 1;
  19   1      }
  20          
  21          void i2cRestart(void)
  22          {
  23   1        SCL = 0;
  24   1        SDA = 1;
  25   1        SCL = 1;
  26   1        SDA = 0;
  27   1      }
  28          
  29          void i2cWrite(u8 d)
  30          {
  31   1        u8 i;
  32   1        for(i=0;i<8;i++)
  33   1        {
  34   2          SCL = 0;
  35   2          SDA = d&(0x80>>i)?1:0;
  36   2          SCL = 1;
  37   2        }
  38   1      }
  39          
  40          u8 i2cRead(void)
  41          {
  42   1        u8 i;
  43   1        u8 buff=0;
  44   1        for(i=0;i<8;i++)
  45   1        {
  46   2          SCL = 0;
  47   2          SCL = 1;
  48   2          if (SDA)
  49   2            buff = buff | (0x80>>i);
  50   2        }
  51   1        return buff;
  52   1      }
  53          
  54          void i2cAck(void)
C51 COMPILER V9.60.0.0   I2C                                                               06/30/2020 19:58:45 PAGE 2   

  55          {
  56   1        SCL = 0;
  57   1        SDA = 1;
  58   1        SCL = 1;
  59   1        while(SDA);
  60   1      }
  61          
  62          void i2cNoAck(void)
  63          {
  64   1        SCL = 0;
  65   1        SDA = 1;
  66   1        SCL = 1;
  67   1      }
  68          
  69          void i2cMasterAck(void)
  70          {
  71   1        SCL = 0;
  72   1        SDA = 0;
  73   1        SCL = 1;
  74   1        SCL = 0;
  75   1        SDA = 1;
  76   1      }
  77          
  78          void i2cDevWrite(u8 slaveAddr,u8 buffAddr,u8 dat)
  79          {
  80   1        i2cStart();
  81   1        i2cWrite(slaveAddr);
  82   1        i2cAck();
  83   1        i2cWrite(buffAddr);
  84   1        i2cAck();
  85   1        i2cWrite(dat);
  86   1        i2cAck();
  87   1        i2cStop();
  88   1        delay_ms(10);
  89   1      }
  90          
  91          void i2cPageWrite(u8 slaveAddr,u8 buffstartAddr,u8 *str,u8 size)
  92          {
  93   1        u8 i;
  94   1        i2cStart();
  95   1        i2cWrite(slaveAddr);
  96   1        i2cAck();
  97   1        i2cWrite(buffstartAddr);
  98   1        i2cAck();
  99   1        for(i=0;i<size;i++)
 100   1        {
 101   2          i2cWrite(*str++);
 102   2          i2cAck();
 103   2        }
 104   1        i2cStop();
 105   1        delay_ms(10);
 106   1      }
 107          
 108          u8 i2cDevRead(u8 slaveAddr,u8 buffAddr)
 109          {
 110   1        u8 buff;
 111   1        i2cStart();
 112   1        i2cWrite(slaveAddr);
 113   1        i2cAck();
 114   1        i2cWrite(buffAddr);
 115   1        i2cAck();
 116   1        i2cRestart();
C51 COMPILER V9.60.0.0   I2C                                                               06/30/2020 19:58:45 PAGE 3   

 117   1        i2cWrite(slaveAddr | 1);
 118   1        i2cAck();
 119   1        buff=i2cRead();
 120   1        i2cNoAck();
 121   1        i2cStop();
 122   1        return buff;
 123   1      }
 124          
 125          
 126          void i2cPageRead(u8 slaveAddr,u8 buffAddr,u8 *str,u8 size)
 127          {
 128   1        u8 i;
 129   1        i2cStart();
 130   1        i2cWrite(slaveAddr);
 131   1        i2cAck();
 132   1        i2cWrite(buffAddr);
 133   1        i2cAck();
 134   1        i2cRestart();
 135   1        i2cWrite(slaveAddr | 1);
 136   1        i2cAck();
 137   1        for(i=0;i<size-1;i++)
 138   1        {
 139   2          str[i] = i2cRead();
 140   2          i2cMasterAck();
 141   2        }
 142   1        str[i++] = i2cRead();
 143   1        str[i] = '\0';
 144   1        i2cNoAck();
 145   1        i2cStop();
 146   1      }


MODULE INFORMATION:   STATIC OVERLAYABLE
   CODE SIZE        =    397    ----
   CONSTANT SIZE    =   ----    ----
   XDATA SIZE       =   ----    ----
   PDATA SIZE       =   ----    ----
   DATA SIZE        =   ----      13
   IDATA SIZE       =   ----    ----
   BIT SIZE         =   ----    ----
END OF MODULE INFORMATION.


C51 COMPILATION COMPLETE.  0 WARNING(S),  0 ERROR(S)
