C51 COMPILER V9.60.0.0   LCD                                                               06/30/2020 19:58:46 PAGE 1   


C51 COMPILER V9.60.0.0, COMPILATION OF MODULE LCD
OBJECT MODULE PLACED IN .\Objects\lcd.obj
COMPILER INVOKED BY: C:\Keil_v5\C51\BIN\C51.EXE lcd.c OPTIMIZE(8,SPEED) BROWSE DEBUG OBJECTEXTEND PRINT(.\Listings\lcd.l
                    -st) TABS(2) OBJECT(.\Objects\lcd.obj)

line level    source

   1          #include <reg51.h>
   2          #include "lcd.h"
   3          
   4          unsigned char custom_char[]= {0x00,0x04,0x0E,0x04,0x15,0x0E,0x04,0x00, 
   5                                  0x00,0x04,0x0E,0x0E,0x0E,0x1F,0x04,0x00, 
   6                                  0x00,0x0A,0x15,0x11,0x11,0x0A,0x04,0x00,
   7                                  0x0E,0x11,0x11,0x1F,0x1B,0x1B,0x1B,0x1F,
   8                                  0x0E,0x11,0x10,0x1F,0x1B,0x1B,0x1B,0x1F,
   9                                  0x00,0x0E,0x15,0x1B,0x0E,0x0E,0x00,0x00,
  10                                  };
  11          
  12          
  13          void lcd_init(void)
  14          {
  15   1        lcd_cmd(0x38); // initialize lcd to 16*2 with 5*7 pixel
  16   1        lcd_cmd(0x0c); //Display on Cursor off
  17   1        lcd_cmd(0x01); //Clear Display (also clear DDRAM content)
  18   1        lcd_cmd(0x80); //Set DDRAM address or coursor position on display
  19   1      }
  20          
  21          void lcd_cmd(char ch)
  22          {
  23   1        LCD = ch;
  24   1        rs=0;
  25   1        en=1;
  26   1        delay_ms(1);
  27   1        en=0;
  28   1      }
  29          
  30          void lcd_display(char ch)
  31          {
  32   1        LCD = ch;
  33   1        rs=1;
  34   1        en=1;
  35   1        delay_ms(1);
  36   1        en=0;
  37   1      }
  38          
  39          void lcd_string (char *ptr)
  40          {
  41   1        while(*ptr)
  42   1        {
  43   2          lcd_display(*ptr++);
  44   2        }
  45   1      }
  46          
  47          void lcd_custom(void)
  48          {
  49   1        int i;
  50   1        lcd_cmd(0x40);
  51   1        for(i=0;i<48;i++)
  52   1        lcd_display(custom_char[i]);
  53   1        lcd_cmd(0x80);
  54   1      }
C51 COMPILER V9.60.0.0   LCD                                                               06/30/2020 19:58:46 PAGE 2   

  55          
  56          void lcd_int(int num)
  57          {
  58   1        int i=0,temp;
  59   1        char arr[7],remi;
  60   1        temp=num;
  61   1        while(temp>0)
  62   1        {
  63   2          remi = temp%10;
  64   2          arr[i] = remi+48;
  65   2          temp = temp/10;
  66   2          i++;
  67   2        }
  68   1        i--;
  69   1        if(num<10)
  70   1          lcd_display('0');
  71   1        if(num==0)
  72   1          lcd_display('0');
  73   1          
  74   1        while(i>=0)
  75   1        {
  76   2          
  77   2          lcd_display(arr[i]);
  78   2          i--;
  79   2        }
  80   1        
  81   1      }


MODULE INFORMATION:   STATIC OVERLAYABLE
   CODE SIZE        =    274    ----
   CONSTANT SIZE    =   ----    ----
   XDATA SIZE       =   ----    ----
   PDATA SIZE       =   ----    ----
   DATA SIZE        =     48      17
   IDATA SIZE       =   ----    ----
   BIT SIZE         =   ----    ----
END OF MODULE INFORMATION.


C51 COMPILATION COMPLETE.  0 WARNING(S),  0 ERROR(S)
