C51 COMPILER V9.60.0.0   SERIAL                                                            06/30/2020 19:58:46 PAGE 1   


C51 COMPILER V9.60.0.0, COMPILATION OF MODULE SERIAL
OBJECT MODULE PLACED IN .\Objects\serial.obj
COMPILER INVOKED BY: C:\Keil_v5\C51\BIN\C51.EXE serial.c OPTIMIZE(8,SPEED) BROWSE DEBUG OBJECTEXTEND PRINT(.\Listings\se
                    -rial.lst) TABS(2) OBJECT(.\Objects\serial.obj)

line level    source

   1          #include <reg51.h>
   2          #include "i2c.h"
   3          #include "delay.h"
   4          #include "types.h"
   5          #include "RTC.h"
   6          
   7          void init_UART()
   8          {
   9   1        SCON = 0x50;
  10   1        TMOD = 0x20;
  11   1        TH1  = 0XFD;
  12   1        TR1  = 1;
  13   1        
  14   1      }
  15          
  16          void Tx_CHAR(char ch)
  17          {
  18   1        SBUF = ch;
  19   1        while(TI==0);
  20   1        TI=0;
  21   1      }
  22          
  23          char Rx_char()
  24          {
  25   1        char ci;
  26   1        
  27   1        while(RI==0);
  28   1        ci=SBUF;
  29   1        RI=0;
  30   1        return ci;
  31   1      }
  32          
  33          void send_string(char *ptr)
  34          {
  35   1        while(*ptr!='\0')
  36   1        {
  37   2          Tx_CHAR(*ptr);
  38   2          ptr++;
  39   2        } 
  40   1          
  41   1      }
  42          
  43          void Tx_int(int val)
  44          {
  45   1      char Tx_data[3];
  46   1        Tx_data[0] = (val/10) + 48;
  47   1        Tx_data[1] = (val%10) + 48;
  48   1        Tx_data[2] = '\0';
  49   1        send_string(Tx_data);
  50   1      }


MODULE INFORMATION:   STATIC OVERLAYABLE
   CODE SIZE        =     90    ----
C51 COMPILER V9.60.0.0   SERIAL                                                            06/30/2020 19:58:46 PAGE 2   

   CONSTANT SIZE    =   ----    ----
   XDATA SIZE       =   ----    ----
   PDATA SIZE       =   ----    ----
   DATA SIZE        =   ----       3
   IDATA SIZE       =   ----    ----
   BIT SIZE         =   ----    ----
END OF MODULE INFORMATION.


C51 COMPILATION COMPLETE.  0 WARNING(S),  0 ERROR(S)
